#-----------------------------------------------------------
# Vivado v2015.2 (64-bit)
# SW Build 1266856 on Fri Jun 26 16:35:25 MDT 2015
# IP Build 1264090 on Wed Jun 24 14:22:01 MDT 2015
# Start of session at: Tue May 03 22:23:09 2016
# Process ID: 10020
# Log file: C:/Users/srhar/Desktop/Combined/VGAHero/vivado.log
# Journal file: C:/Users/srhar/Desktop/Combined/VGAHero\vivado.jou
#-----------------------------------------------------------sstart_guioopen_project C:/Users/srhar/Desktop/Combined/VGAHero/VGAHero.xpr
INFO: [Project 1-313] Project file moved from 'D:/Users/TEMP.PCLABS.000/Desktop/NERP_demo/VGAHero' since last save.
Scanning sources...
Finished scanning sources
INFO: [IP_Flow 19-234] Refreshing IP repositories
INFO: [IP_Flow 19-1704] No user IP repositories specified
INFO: [IP_Flow 19-2313] Loaded Vivado IP repository 'C:/Xilinx/Vivado/2015.2/data/ip'.oopen_project: Time (s): cpu = 00:00:13 ; elapsed = 00:00:05 . Memory (MB): peak = 761.879 ; gain = 195.102open_hw
connect_hw_server
INFO: [Labtools 27-2285] Connecting to hw_server url TCP:localhost:3121
INFO: [Labtools 27-2222] Launching hw_server...
INFO: [Labtools 27-2221] Launch Output:

****** Xilinx hw_server v2015.2
  **** Build date : Jun 26 2015-16:56:39
    ** Copyright 1986-1999, 2001-2015 Xilinx, Inc. All Rights Reserved.


connect_hw_server: Time (s): cpu = 00:00:01 ; elapsed = 00:00:06 . Memory (MB): peak = 796.840 ; gain = 0.000
open_hw_target [lindex [get_hw_targets -of_objects [get_hw_servers localhost]] 0]
INFO: [Labtoolstcl 44-466] Opening hw_target localhost:3121/xilinx_tcf/Digilent/210183712458A
set_property PROGRAM.FILE {C:/Users/srhar/Desktop/Combined/VGAHero/VGAHero.runs/impl_1/FPGA_HERO.bit} [lindex [get_hw_devices] 0]
current_hw_device [lindex [get_hw_devices] 0]
refresh_hw_device -update_hw_probes false [lindex [get_hw_devices] 0]
INFO: [Labtools 27-1434] Device xc7a35t (JTAG device index = 0) is programmed with a design that has no supported debug core(s) in it.
WARNING: [Labtools 27-3123] The debug hub core was not detected at User Scan Chain 1 or 3.
Resolution: 
1. Make sure the clock connected to the debug hub (dbg_hub) core is a free running clock and is active OR
2. Manually launch hw_server with -e "set xsdb-user-bscan <C_USER_SCAN_CHAIN scan_chain_number>" to detect the debug hub at User Scan Chain of 2 or 4. To determine the user scan chain setting, open the implemented design and use: get_property C_USER_SCAN_CHAIN [get_debug_cores dbg_hub].
set_property PROBES.FILE {} [lindex [get_hw_devices] 0]
set_property PROGRAM.FILE {C:/Users/srhar/Desktop/Combined/VGAHero/VGAHero.runs/impl_1/FPGA_HERO.bit} [lindex [get_hw_devices] 0]
program_hw_devices [lindex [get_hw_devices] 0]
INFO: [Labtools 27-3164] End of startup status: HIGH
refresh_hw_device [lindex [get_hw_devices] 0]
INFO: [Labtools 27-1434] Device xc7a35t (JTAG device index = 0) is programmed with a design that has no supported debug core(s) in it.
WARNING: [Labtools 27-3123] The debug hub core was not detected at User Scan Chain 1 or 3.
Resolution: 
1. Make sure the clock connected to the debug hub (dbg_hub) core is a free running clock and is active OR
2. Manually launch hw_server with -e "set xsdb-user-bscan <C_USER_SCAN_CHAIN scan_chain_number>" to detect the debug hub at User Scan Chain of 2 or 4. To determine the user scan chain setting, open the implemented design and use: get_property C_USER_SCAN_CHAIN [get_debug_cores dbg_hub].
reset_run synth_1
launch_runs impl_1 -to_step write_bitstream
[Wed May 04 01:53:40 2016] Launched synth_1...
Run output will be captured here: C:/Users/srhar/Desktop/Combined/VGAHero/VGAHero.runs/synth_1/runme.log
[Wed May 04 01:53:40 2016] Launched impl_1...
Run output will be captured here: C:/Users/srhar/Desktop/Combined/VGAHero/VGAHero.runs/impl_1/runme.log
set_property PROBES.FILE {} [lindex [get_hw_devices] 0]
set_property PROGRAM.FILE {C:/Users/srhar/Desktop/Combined/VGAHero/VGAHero.runs/impl_1/FPGA_HERO.bit} [lindex [get_hw_devices] 0]
program_hw_devices [lindex [get_hw_devices] 0]
INFO: [Labtools 27-3164] End of startup status: HIGH
refresh_hw_device [lindex [get_hw_devices] 0]
INFO: [Labtools 27-1434] Device xc7a35t (JTAG device index = 0) is programmed with a design that has no supported debug core(s) in it.
WARNING: [Labtools 27-3123] The debug hub core was not detected at User Scan Chain 1 or 3.
Resolution: 
1. Make sure the clock connected to the debug hub (dbg_hub) core is a free running clock and is active OR
2. Manually launch hw_server with -e "set xsdb-user-bscan <C_USER_SCAN_CHAIN scan_chain_number>" to detect the debug hub at User Scan Chain of 2 or 4. To determine the user scan chain setting, open the implemented design and use: get_property C_USER_SCAN_CHAIN [get_debug_cores dbg_hub].
reset_run impl_1 -prev_step 
launch_runs impl_1 -to_step write_bitstream
WARNING: [Vivado 12-872] Run step 'Design Initialization' is out-of-date.
[Wed May 04 01:56:26 2016] Launched impl_1...
Run output will be captured here: C:/Users/srhar/Desktop/Combined/VGAHero/VGAHero.runs/impl_1/runme.log
set_property PROBES.FILE {} [lindex [get_hw_devices] 0]
set_property PROGRAM.FILE {C:/Users/srhar/Desktop/Combined/VGAHero/VGAHero.runs/impl_1/FPGA_HERO.bit} [lindex [get_hw_devices] 0]
program_hw_devices [lindex [get_hw_devices] 0]
INFO: [Labtools 27-3164] End of startup status: HIGH
refresh_hw_device [lindex [get_hw_devices] 0]
INFO: [Labtools 27-1434] Device xc7a35t (JTAG device index = 0) is programmed with a design that has no supported debug core(s) in it.
WARNING: [Labtools 27-3123] The debug hub core was not detected at User Scan Chain 1 or 3.
Resolution: 
1. Make sure the clock connected to the debug hub (dbg_hub) core is a free running clock and is active OR
2. Manually launch hw_server with -e "set xsdb-user-bscan <C_USER_SCAN_CHAIN scan_chain_number>" to detect the debug hub at User Scan Chain of 2 or 4. To determine the user scan chain setting, open the implemented design and use: get_property C_USER_SCAN_CHAIN [get_debug_cores dbg_hub].
reset_run synth_1
launch_runs impl_1 -to_step write_bitstream
[Wed May 04 02:01:07 2016] Launched synth_1...
Run output will be captured here: C:/Users/srhar/Desktop/Combined/VGAHero/VGAHero.runs/synth_1/runme.log
[Wed May 04 02:01:07 2016] Launched impl_1...
Run output will be captured here: C:/Users/srhar/Desktop/Combined/VGAHero/VGAHero.runs/impl_1/runme.log
set_property PROBES.FILE {} [lindex [get_hw_devices] 0]
set_property PROGRAM.FILE {C:/Users/srhar/Desktop/Combined/VGAHero/VGAHero.runs/impl_1/FPGA_HERO.bit} [lindex [get_hw_devices] 0]
program_hw_devices [lindex [get_hw_devices] 0]
INFO: [Labtools 27-3164] End of startup status: HIGH
refresh_hw_device [lindex [get_hw_devices] 0]
INFO: [Labtools 27-1434] Device xc7a35t (JTAG device index = 0) is programmed with a design that has no supported debug core(s) in it.
WARNING: [Labtools 27-3123] The debug hub core was not detected at User Scan Chain 1 or 3.
Resolution: 
1. Make sure the clock connected to the debug hub (dbg_hub) core is a free running clock and is active OR
2. Manually launch hw_server with -e "set xsdb-user-bscan <C_USER_SCAN_CHAIN scan_chain_number>" to detect the debug hub at User Scan Chain of 2 or 4. To determine the user scan chain setting, open the implemented design and use: get_property C_USER_SCAN_CHAIN [get_debug_cores dbg_hub].
ERROR: [Labtools 27-3175] Target jsn-Basys3-210183712458A is no longer available.
Please use disconnect_hw_server to close the current server connection. Check cable connectivity and that the target board is powered up.
Restart the hw_server application running on host localhost, port 3121 and then use connect_hw_server to re-establish connection to target.
close_hw_target
INFO: [Labtoolstcl 44-464] Closing hw_target localhost/xilinx_tcf/Digilent/210183712458A
ERROR: [Labtools 27-3175] Target jsn-Basys3-210183712458A is no longer available.
Please use disconnect_hw_server to close the current server connection. Check cable connectivity and that the target board is powered up.
Restart the hw_server application running on host localhost, port 3121 and then use connect_hw_server to re-establish connection to target.
close_hw_target
INFO: [Labtoolstcl 44-464] Closing hw_target localhost/xilinx_tcf/Digilent/210183712458A
INFO: [Labtoolstcl 44-468] Target hw_target localhost/xilinx_tcf/Digilent/210183712458A is already closed
ERROR: [Labtools 27-3175] Target jsn-Basys3-210183712458A is no longer available.
Please use disconnect_hw_server to close the current server connection. Check cable connectivity and that the target board is powered up.
Restart the hw_server application running on host localhost, port 3121 and then use connect_hw_server to re-establish connection to target.
close_hw_target
INFO: [Labtoolstcl 44-464] Closing hw_target localhost/xilinx_tcf/Digilent/210183712458A
INFO: [Labtoolstcl 44-468] Target hw_target localhost/xilinx_tcf/Digilent/210183712458A is already closed
ERROR: [Labtools 27-3175] Target jsn-Basys3-210183712458A is no longer available.
Please use disconnect_hw_server to close the current server connection. Check cable connectivity and that the target board is powered up.
Restart the hw_server application running on host localhost, port 3121 and then use connect_hw_server to re-establish connection to target.
close_hw_target
INFO: [Labtoolstcl 44-464] Closing hw_target localhost/xilinx_tcf/Digilent/210183712458A
INFO: [Labtoolstcl 44-468] Target hw_target localhost/xilinx_tcf/Digilent/210183712458A is already closed
ERROR: [Labtools 27-3175] Target jsn-Basys3-210183712458A is no longer available.
Please use disconnect_hw_server to close the current server connection. Check cable connectivity and that the target board is powered up.
Restart the hw_server application running on host localhost, port 3121 and then use connect_hw_server to re-establish connection to target.
close_hw_target
INFO: [Labtoolstcl 44-464] Closing hw_target localhost/xilinx_tcf/Digilent/210183712458A
INFO: [Labtoolstcl 44-468] Target hw_target localhost/xilinx_tcf/Digilent/210183712458A is already closed
ERROR: [Labtools 27-3175] Target jsn-Basys3-210183712458A is no longer available.
Please use disconnect_hw_server to close the current server connection. Check cable connectivity and that the target board is powered up.
Restart the hw_server application running on host localhost, port 3121 and then use connect_hw_server to re-establish connection to target.
close_hw_target
INFO: [Labtoolstcl 44-464] Closing hw_target localhost/xilinx_tcf/Digilent/210183712458A
INFO: [Labtoolstcl 44-468] Target hw_target localhost/xilinx_tcf/Digilent/210183712458A is already closed
ERROR: [Labtools 27-3175] Target jsn-Basys3-210183712458A is no longer available.
Please use disconnect_hw_server to close the current server connection. Check cable connectivity and that the target board is powered up.
Restart the hw_server application running on host localhost, port 3121 and then use connect_hw_server to re-establish connection to target.
close_hw_target
INFO: [Labtoolstcl 44-464] Closing hw_target localhost/xilinx_tcf/Digilent/210183712458A
INFO: [Labtoolstcl 44-468] Target hw_target localhost/xilinx_tcf/Digilent/210183712458A is already closed
set_property PROBES.FILE {} [lindex [get_hw_devices] 0]
set_property PROGRAM.FILE {C:/Users/srhar/Desktop/Combined/VGAHero/VGAHero.runs/impl_1/FPGA_HERO.bit} [lindex [get_hw_devices] 0]
program_hw_devices [lindex [get_hw_devices] 0]
INFO: [Labtools 27-3164] End of startup status: HIGH
refresh_hw_device [lindex [get_hw_devices] 0]
INFO: [Labtools 27-1434] Device xc7a35t (JTAG device index = 0) is programmed with a design that has no supported debug core(s) in it.
WARNING: [Labtools 27-3123] The debug hub core was not detected at User Scan Chain 1 or 3.
Resolution: 
1. Make sure the clock connected to the debug hub (dbg_hub) core is a free running clock and is active OR
2. Manually launch hw_server with -e "set xsdb-user-bscan <C_USER_SCAN_CHAIN scan_chain_number>" to detect the debug hub at User Scan Chain of 2 or 4. To determine the user scan chain setting, open the implemented design and use: get_property C_USER_SCAN_CHAIN [get_debug_cores dbg_hub].
reset_run synth_1
launch_runs impl_1 -to_step write_bitstream
[Wed May 04 03:57:35 2016] Launched synth_1...
Run output will be captured here: C:/Users/srhar/Desktop/Combined/VGAHero/VGAHero.runs/synth_1/runme.log
[Wed May 04 03:57:35 2016] Launched impl_1...
Run output will be captured here: C:/Users/srhar/Desktop/Combined/VGAHero/VGAHero.runs/impl_1/runme.log
reset_run impl_1 -prev_step 
launch_runs impl_1 -to_step write_bitstream
[Wed May 04 03:59:19 2016] Launched impl_1...
Run output will be captured here: C:/Users/srhar/Desktop/Combined/VGAHero/VGAHero.runs/impl_1/runme.log
set_property PROBES.FILE {} [lindex [get_hw_devices] 0]
set_property PROGRAM.FILE {C:/Users/srhar/Desktop/Combined/VGAHero/VGAHero.runs/impl_1/FPGA_HERO.bit} [lindex [get_hw_devices] 0]
program_hw_devices [lindex [get_hw_devices] 0]
INFO: [Labtools 27-3164] End of startup status: HIGH
refresh_hw_device [lindex [get_hw_devices] 0]
INFO: [Labtools 27-1434] Device xc7a35t (JTAG device index = 0) is programmed with a design that has no supported debug core(s) in it.
WARNING: [Labtools 27-3123] The debug hub core was not detected at User Scan Chain 1 or 3.
Resolution: 
1. Make sure the clock connected to the debug hub (dbg_hub) core is a free running clock and is active OR
2. Manually launch hw_server with -e "set xsdb-user-bscan <C_USER_SCAN_CHAIN scan_chain_number>" to detect the debug hub at User Scan Chain of 2 or 4. To determine the user scan chain setting, open the implemented design and use: get_property C_USER_SCAN_CHAIN [get_debug_cores dbg_hub].
****** Webtalk v2015.2 (64-bit)
  **** SW Build 1266856 on Fri Jun 26 16:35:25 MDT 2015
  **** IP Build 1264090 on Wed Jun 24 14:22:01 MDT 2015
    ** Copyright 1986-2015 Xilinx, Inc. All Rights Reserved.

source C:/Users/srhar/Desktop/Combined/VGAHero/VGAHero.hw/webtalk/labtool_webtalk.tcl -notrace
INFO: [Common 17-186] 'C:/Users/srhar/Desktop/Combined/VGAHero/VGAHero.hw/webtalk/usage_statistics_ext_labtool.xml' has been successfully sent to Xilinx on Wed May 04 04:02:04 2016. For additional details about this file, please refer to the WebTalk help file at C:/Xilinx/Vivado/2015.2/doc/webtalk_introduction.html.
webtalk_transmit: Time (s): cpu = 00:00:00 ; elapsed = 00:00:06 . Memory (MB): peak = 61.199 ; gain = 0.000
INFO: [Common 17-206] Exiting Webtalk at Wed May 04 04:02:04 2016...
exit
INFO: [Common 17-206] Exiting Vivado at Wed May 04 04:02:06 2016...
